  solution.cpp
c:\users\ssyth\source\repos\3079\15955\solution.cpp(16): error C2059: 구문 오류: 'for'
c:\users\ssyth\source\repos\3079\15955\solution.cpp(16): error C2039: 'i': 'std::map<checkPoint,int,std::less<_Kty>,std::allocator<std::pair<const _Kty,_Ty>>>'의 멤버가 아닙니다.
          with
          [
              _Kty=checkPoint,
              _Ty=int
          ]
  c:\users\ssyth\source\repos\3079\15955\solution.cpp(9): note: 'std::map<checkPoint,int,std::less<_Kty>,std::allocator<std::pair<const _Kty,_Ty>>>' 선언을 참조하십시오.
          with
          [
              _Kty=checkPoint,
              _Ty=int
          ]
c:\users\ssyth\source\repos\3079\15955\solution.cpp(16): error C2039: 'N': 'std::map<checkPoint,int,std::less<_Kty>,std::allocator<std::pair<const _Kty,_Ty>>>'의 멤버가 아닙니다.
          with
          [
              _Kty=checkPoint,
              _Ty=int
          ]
  c:\users\ssyth\source\repos\3079\15955\solution.cpp(9): note: 'std::map<checkPoint,int,std::less<_Kty>,std::allocator<std::pair<const _Kty,_Ty>>>' 선언을 참조하십시오.
          with
          [
              _Kty=checkPoint,
              _Ty=int
          ]
c:\users\ssyth\source\repos\3079\15955\solution.cpp(16): error C2059: 구문 오류: ')'
c:\users\ssyth\source\repos\3079\15955\solution.cpp(17): error C2062: 예기치 않은 'int' 형식입니다.
c:\users\ssyth\source\repos\3079\15955\solution.cpp(18): error C2039: 'cin': 'std::map<checkPoint,int,std::less<_Kty>,std::allocator<std::pair<const _Kty,_Ty>>>'의 멤버가 아닙니다.
          with
          [
              _Kty=checkPoint,
              _Ty=int
          ]
  c:\users\ssyth\source\repos\3079\15955\solution.cpp(9): note: 'std::map<checkPoint,int,std::less<_Kty>,std::allocator<std::pair<const _Kty,_Ty>>>' 선언을 참조하십시오.
          with
          [
              _Kty=checkPoint,
              _Ty=int
          ]
c:\users\ssyth\source\repos\3079\15955\solution.cpp(18): error C2039: 'a': 'std::map<checkPoint,int,std::less<_Kty>,std::allocator<std::pair<const _Kty,_Ty>>>'의 멤버가 아닙니다.
          with
          [
              _Kty=checkPoint,
              _Ty=int
          ]
  c:\users\ssyth\source\repos\3079\15955\solution.cpp(9): note: 'std::map<checkPoint,int,std::less<_Kty>,std::allocator<std::pair<const _Kty,_Ty>>>' 선언을 참조하십시오.
          with
          [
              _Kty=checkPoint,
              _Ty=int
          ]
c:\users\ssyth\source\repos\3079\15955\solution.cpp(18): error C2039: 'b': 'std::map<checkPoint,int,std::less<_Kty>,std::allocator<std::pair<const _Kty,_Ty>>>'의 멤버가 아닙니다.
          with
          [
              _Kty=checkPoint,
              _Ty=int
          ]
  c:\users\ssyth\source\repos\3079\15955\solution.cpp(9): note: 'std::map<checkPoint,int,std::less<_Kty>,std::allocator<std::pair<const _Kty,_Ty>>>' 선언을 참조하십시오.
          with
          [
              _Kty=checkPoint,
              _Ty=int
          ]
c:\users\ssyth\source\repos\3079\15955\solution.cpp(20): error C2039: 'v': 'std::map<checkPoint,int,std::less<_Kty>,std::allocator<std::pair<const _Kty,_Ty>>>'의 멤버가 아닙니다.
          with
          [
              _Kty=checkPoint,
              _Ty=int
          ]
  c:\users\ssyth\source\repos\3079\15955\solution.cpp(9): note: 'std::map<checkPoint,int,std::less<_Kty>,std::allocator<std::pair<const _Kty,_Ty>>>' 선언을 참조하십시오.
          with
          [
              _Kty=checkPoint,
              _Ty=int
          ]
c:\users\ssyth\source\repos\3079\15955\solution.cpp(20): error C2039: 'i': 'std::map<checkPoint,int,std::less<_Kty>,std::allocator<std::pair<const _Kty,_Ty>>>'의 멤버가 아닙니다.
          with
          [
              _Kty=checkPoint,
              _Ty=int
          ]
  c:\users\ssyth\source\repos\3079\15955\solution.cpp(9): note: 'std::map<checkPoint,int,std::less<_Kty>,std::allocator<std::pair<const _Kty,_Ty>>>' 선언을 참조하십시오.
          with
          [
              _Kty=checkPoint,
              _Ty=int
          ]
c:\users\ssyth\source\repos\3079\15955\solution.cpp(20): error C2039: 'row': 'std::map<checkPoint,int,std::less<_Kty>,std::allocator<std::pair<const _Kty,_Ty>>>'의 멤버가 아닙니다.
          with
          [
              _Kty=checkPoint,
              _Ty=int
          ]
  c:\users\ssyth\source\repos\3079\15955\solution.cpp(9): note: 'std::map<checkPoint,int,std::less<_Kty>,std::allocator<std::pair<const _Kty,_Ty>>>' 선언을 참조하십시오.
          with
          [
              _Kty=checkPoint,
              _Ty=int
          ]
c:\users\ssyth\source\repos\3079\15955\solution.cpp(20): error C2065: 'a': 선언되지 않은 식별자입니다.
c:\users\ssyth\source\repos\3079\15955\solution.cpp(21): error C2065: 'i': 선언되지 않은 식별자입니다.
c:\users\ssyth\source\repos\3079\15955\solution.cpp(21): error C2228: '.col' 왼쪽에는 클래스/구조체/공용 구조체가 있어야 합니다.
c:\users\ssyth\source\repos\3079\15955\solution.cpp(21): error C2065: 'b': 선언되지 않은 식별자입니다.
c:\users\ssyth\source\repos\3079\15955\solution.cpp(24): error C2059: 구문 오류: 'for'
c:\users\ssyth\source\repos\3079\15955\solution.cpp(24): error C2143: 구문 오류: ')'이(가) ';' 앞에 없습니다.
c:\users\ssyth\source\repos\3079\15955\solution.cpp(24): error C2143: 구문 오류: ';'이(가) '<' 앞에 없습니다.
c:\users\ssyth\source\repos\3079\15955\solution.cpp(24): error C4430: 형식 지정자가 없습니다. int로 가정합니다. 참고: C++에서는 기본 int를 지원하지 않습니다.
c:\users\ssyth\source\repos\3079\15955\solution.cpp(24): error C2143: 구문 오류: ';'이(가) '++' 앞에 없습니다.
c:\users\ssyth\source\repos\3079\15955\solution.cpp(24): error C2086: 'int i': 재정의
  c:\users\ssyth\source\repos\3079\15955\solution.cpp(24): note: 'i' 선언을 참조하십시오.
c:\users\ssyth\source\repos\3079\15955\solution.cpp(24): error C2059: 구문 오류: ')'
c:\users\ssyth\source\repos\3079\15955\solution.cpp(24): error C2143: 구문 오류: ';'이(가) '{' 앞에 없습니다.
c:\users\ssyth\source\repos\3079\15955\solution.cpp(24): error C2447: '{': 함수 헤더가 없습니다. 이전 스타일의 형식 목록입니까?
c:\users\ssyth\source\repos\3079\15955\solution.cpp(30): error C2059: 구문 오류: '}'
c:\users\ssyth\source\repos\3079\15955\solution.cpp(30): error C2143: 구문 오류: ';'이(가) '}' 앞에 없습니다.
